Using pre-set license
Built from '2020.2/release' branch; Version is '2020.2.2f1 (068178b99f32) revision 426360'; Using compiler version '192528614'; Build Type 'Release'
OS: 'Windows 10 Home; OS build 19041.928; Version 2004; 64bit' Language: 'en' Physical Memory: 16265 MB
BatchMode: 1, IsHumanControllingUs: 0, StartBugReporterOnCrash: 0, Is64bit: 1, IsPro: 0

 COMMAND LINE ARGUMENTS:
D:\Program Files (x86)\Unity\2020.2.2f1\Editor\Unity.exe
-adb2
-batchMode
-noUpm
-name
AssetImportWorker0
-projectPath
D:/Desktop(Drive Data)/TOJam/CombatEmotions/Combat-Emotions
-logFile
Logs/AssetImportWorker0.log
-srvPort
54841
Successfully changed project path to: D:/Desktop(Drive Data)/TOJam/CombatEmotions/Combat-Emotions
D:/Desktop(Drive Data)/TOJam/CombatEmotions/Combat-Emotions
Using Asset Import Pipeline V2.
Refreshing native plugins compatible for Editor in 45.78 ms, found 0 plugins.
Preloading 0 native plugins for Editor in 0.00 ms.
Initialize engine version: 2020.2.2f1 (068178b99f32)
[Subsystems] Discovering subsystems at path D:/Program Files (x86)/Unity/2020.2.2f1/Editor/Data/Resources/UnitySubsystems
[Subsystems] Discovering subsystems at path D:/Desktop(Drive Data)/TOJam/CombatEmotions/Combat-Emotions/Assets
GfxDevice: creating device client; threaded=0
Direct3D:
    Version:  Direct3D 11.0 [level 11.1]
    Renderer: NVIDIA GeForce GTX 1060 (ID=0x1c20)
    Vendor:   
    VRAM:     2987 MB
    Driver:   27.21.14.6627
Initialize mono
Mono path[0] = 'D:/Program Files (x86)/Unity/2020.2.2f1/Editor/Data/Managed'
Mono path[1] = 'D:/Program Files (x86)/Unity/2020.2.2f1/Editor/Data/MonoBleedingEdge/lib/mono/unityjit'
Mono config path = 'D:/Program Files (x86)/Unity/2020.2.2f1/Editor/Data/MonoBleedingEdge/etc'
Using monoOptions --debugger-agent=transport=dt_socket,embedding=1,server=y,suspend=n,address=127.0.0.1:56112
Begin MonoManager ReloadAssembly
Registering precompiled unity dll's ...
Register platform support module: D:/Program Files (x86)/Unity/2020.2.2f1/Editor/Data/PlaybackEngines/WindowsStandaloneSupport/UnityEditor.WindowsStandalone.Extensions.dll
Registered in 0.001331 seconds.
Native extension for WindowsStandalone target not found
Refreshing native plugins compatible for Editor in 31.45 ms, found 0 plugins.
Preloading 0 native plugins for Editor in 0.00 ms.
Invoked RoslynAnalysisRunner static constructor.
RoslynAnalysisRunner will not be running.
RoslynAnalysisRunner has terminated.
Mono: successfully reloaded assembly
- Completed reload, in  1.453 seconds
Platform modules already initialized, skipping
Registering precompiled user dll's ...
Registered in 0.000731 seconds.
Begin MonoManager ReloadAssembly
Native extension for WindowsStandalone target not found
Refreshing native plugins compatible for Editor in 0.24 ms, found 0 plugins.
Preloading 0 native plugins for Editor in 0.00 ms.
Invoked RoslynAnalysisRunner static constructor.
RoslynAnalysisRunner will not be running.
RoslynAnalysisRunner has terminated.
Mono: successfully reloaded assembly
- Completed reload, in  1.096 seconds
Platform modules already initialized, skipping
========================================================================
Worker process is ready to serve import requests
Launched and connected shader compiler UnityShaderCompiler.exe after 0.08 seconds
Refreshing native plugins compatible for Editor in 0.29 ms, found 0 plugins.
Preloading 0 native plugins for Editor in 0.00 ms.
Unloading 1191 Unused Serialized files (Serialized files now loaded: 0)
System memory in use before: 59.2 MB.
System memory in use after: 59.3 MB.

Unloading 13 unused Assets to reduce memory usage. Loaded Objects now: 1637.
Total: 3.943500 ms (FindLiveObjects: 0.161500 ms CreateObjectMapping: 0.054300 ms MarkObjects: 3.629000 ms  DeleteObjects: 0.097200 ms)

========================================================================
Received Import Request.
  path: Assets/Prefabs/Gate.prefab
  artifactKey: Guid(dc293da301e6f7849b6c89427305b6c8) Importer(815301076,1909f56bfc062723c751e8b465ee728b)
Start importing Assets/Prefabs/Gate.prefab using Guid(dc293da301e6f7849b6c89427305b6c8) Importer(815301076,1909f56bfc062723c751e8b465ee728b)  -> (artifact id: 'f4cb297c8cee1d449b89a6bdf7b923f2') in 0.074226 seconds
  Import took 0.077539 seconds .

========================================================================
Received Import Request.
  Time since last request: 0.000326 seconds.
  path: Assets/Prefabs/CombatHandler.prefab
  artifactKey: Guid(3324a8aad8cef8142af1e85fd58adf41) Importer(815301076,1909f56bfc062723c751e8b465ee728b)
Start importing Assets/Prefabs/CombatHandler.prefab using Guid(3324a8aad8cef8142af1e85fd58adf41) Importer(815301076,1909f56bfc062723c751e8b465ee728b)  -> (artifact id: '80078248f5cbfc2495e1b6d588ed3881') in 0.084736 seconds
  Import took 0.087376 seconds .

========================================================================
Received Import Request.
  Time since last request: 0.000329 seconds.
  path: Assets/Prefabs/Player.prefab
  artifactKey: Guid(ff1ad98b077fab34ebe49f7f51003404) Importer(815301076,1909f56bfc062723c751e8b465ee728b)
Start importing Assets/Prefabs/Player.prefab using Guid(ff1ad98b077fab34ebe49f7f51003404) Importer(815301076,1909f56bfc062723c751e8b465ee728b)  -> (artifact id: '7d824d16fd313075b009bd6c152c1b26') in 0.081973 seconds
  Import took 0.084088 seconds .

========================================================================
Received Import Request.
  Time since last request: 0.000256 seconds.
  path: Assets/Prefabs/Game Camera.prefab
  artifactKey: Guid(e5ad186860176c545acf4c6dd3f770f4) Importer(815301076,1909f56bfc062723c751e8b465ee728b)
Start importing Assets/Prefabs/Game Camera.prefab using Guid(e5ad186860176c545acf4c6dd3f770f4) Importer(815301076,1909f56bfc062723c751e8b465ee728b)  -> (artifact id: 'a7937f083e522c26e429d76ed40a68c9') in 0.013724 seconds
  Import took 0.017473 seconds .

========================================================================
Received Import Request.
  Time since last request: 92.841539 seconds.
  path: Assets/Scripts/Camera
  artifactKey: Guid(924822ee241821a45a676285be5fe807) Importer(815301076,1909f56bfc062723c751e8b465ee728b)
Start importing Assets/Scripts/Camera using Guid(924822ee241821a45a676285be5fe807) Importer(815301076,1909f56bfc062723c751e8b465ee728b)  -> (artifact id: 'a10d8642c8b61fba5aaa0b5859518083') in 0.009881 seconds
  Import took 0.012101 seconds .

========================================================================
Received Import Request.
  Time since last request: 1.562822 seconds.
  path: Assets/Scripts/Camera/CameraFollow.cs
  artifactKey: Guid(19787edb5995911438029140f1c1d6e8) Importer(815301076,1909f56bfc062723c751e8b465ee728b)
Start importing Assets/Scripts/Camera/CameraFollow.cs using Guid(19787edb5995911438029140f1c1d6e8) Importer(815301076,1909f56bfc062723c751e8b465ee728b)  -> (artifact id: 'afc38cf87f7846667a2e9ea1ce429238') in 0.018724 seconds
  Import took 0.021366 seconds .

========================================================================
Received Import Request.
  Time since last request: 0.016978 seconds.
  path: Assets/Scripts/Camera/CameraFollow.cs
  artifactKey: Guid(19787edb5995911438029140f1c1d6e8) Importer(815301076,1909f56bfc062723c751e8b465ee728b)
Start importing Assets/Scripts/Camera/CameraFollow.cs using Guid(19787edb5995911438029140f1c1d6e8) Importer(815301076,1909f56bfc062723c751e8b465ee728b)  -> (artifact id: 'afc38cf87f7846667a2e9ea1ce429238') in 0.002451 seconds
  Import took 0.005801 seconds .

========================================================================
Received Prepare
Registering precompiled user dll's ...
Registered in 0.000959 seconds.
Begin MonoManager ReloadAssembly
Native extension for WindowsStandalone target not found
Refreshing native plugins compatible for Editor in 0.24 ms, found 0 plugins.
Preloading 0 native plugins for Editor in 0.00 ms.
Invoked RoslynAnalysisRunner static constructor.
RoslynAnalysisRunner will not be running.
RoslynAnalysisRunner has terminated.
Mono: successfully reloaded assembly
- Completed reload, in  1.007 seconds
Platform modules already initialized, skipping
Refreshing native plugins compatible for Editor in 0.23 ms, found 0 plugins.
Preloading 0 native plugins for Editor in 0.00 ms.
Unloading 1185 Unused Serialized files (Serialized files now loaded: 0)
System memory in use before: 62.4 MB.
System memory in use after: 62.5 MB.

Unloading 4 unused Assets to reduce memory usage. Loaded Objects now: 1648.
Total: 1.781400 ms (FindLiveObjects: 0.210000 ms CreateObjectMapping: 0.046600 ms MarkObjects: 1.503900 ms  DeleteObjects: 0.019800 ms)

========================================================================
Received Import Request.
  Time since last request: 54.008087 seconds.
  path: Assets/Scripts/Camera/CameraFollow.cs
  artifactKey: Guid(19787edb5995911438029140f1c1d6e8) Importer(815301076,1909f56bfc062723c751e8b465ee728b)
Start importing Assets/Scripts/Camera/CameraFollow.cs using Guid(19787edb5995911438029140f1c1d6e8) Importer(815301076,1909f56bfc062723c751e8b465ee728b)  -> (artifact id: '14012441ce49cdfa25ea0f8140b376db') in 0.004750 seconds
  Import took 0.006739 seconds .

========================================================================
Received Prepare
Registering precompiled user dll's ...
Registered in 0.000744 seconds.
Begin MonoManager ReloadAssembly
Native extension for WindowsStandalone target not found
Refreshing native plugins compatible for Editor in 0.29 ms, found 0 plugins.
Preloading 0 native plugins for Editor in 0.00 ms.
Invoked RoslynAnalysisRunner static constructor.
RoslynAnalysisRunner will not be running.
RoslynAnalysisRunner has terminated.
Mono: successfully reloaded assembly
- Completed reload, in  1.126 seconds
Platform modules already initialized, skipping
Refreshing native plugins compatible for Editor in 0.25 ms, found 0 plugins.
Preloading 0 native plugins for Editor in 0.00 ms.
Unloading 1185 Unused Serialized files (Serialized files now loaded: 0)
System memory in use before: 62.5 MB.
System memory in use after: 62.6 MB.

Unloading 4 unused Assets to reduce memory usage. Loaded Objects now: 1650.
Total: 1.985500 ms (FindLiveObjects: 0.288300 ms CreateObjectMapping: 0.050200 ms MarkObjects: 1.624600 ms  DeleteObjects: 0.019800 ms)

========================================================================
Received Prepare
Registering precompiled user dll's ...
Registered in 0.000968 seconds.
Begin MonoManager ReloadAssembly
Native extension for WindowsStandalone target not found
Refreshing native plugins compatible for Editor in 0.29 ms, found 0 plugins.
Preloading 0 native plugins for Editor in 0.00 ms.
Invoked RoslynAnalysisRunner static constructor.
RoslynAnalysisRunner will not be running.
RoslynAnalysisRunner has terminated.
Mono: successfully reloaded assembly
- Completed reload, in  1.044 seconds
Platform modules already initialized, skipping
Refreshing native plugins compatible for Editor in 0.51 ms, found 0 plugins.
Preloading 0 native plugins for Editor in 0.00 ms.
Unloading 1185 Unused Serialized files (Serialized files now loaded: 0)
System memory in use before: 62.6 MB.
System memory in use after: 62.7 MB.

Unloading 4 unused Assets to reduce memory usage. Loaded Objects now: 1652.
Total: 2.107200 ms (FindLiveObjects: 0.162900 ms CreateObjectMapping: 0.043600 ms MarkObjects: 1.879500 ms  DeleteObjects: 0.019200 ms)

AssetImportWorkerClient::OnTransportError - code=2 error=End of file
