Using pre-set license
Built from '2020.2/release' branch; Version is '2020.2.2f1 (068178b99f32) revision 426360'; Using compiler version '192528614'; Build Type 'Release'
OS: 'Windows 10 Home; OS build 19041.928; Version 2004; 64bit' Language: 'en' Physical Memory: 16265 MB
BatchMode: 1, IsHumanControllingUs: 0, StartBugReporterOnCrash: 0, Is64bit: 1, IsPro: 0

 COMMAND LINE ARGUMENTS:
D:\Program Files (x86)\Unity\2020.2.2f1\Editor\Unity.exe
-adb2
-batchMode
-noUpm
-name
AssetImportWorker0
-projectPath
D:/Desktop(Drive Data)/TOJam/CombatEmotions/Combat-Emotions
-logFile
Logs/AssetImportWorker0.log
-srvPort
50288
Successfully changed project path to: D:/Desktop(Drive Data)/TOJam/CombatEmotions/Combat-Emotions
D:/Desktop(Drive Data)/TOJam/CombatEmotions/Combat-Emotions
Using Asset Import Pipeline V2.
Refreshing native plugins compatible for Editor in 42.07 ms, found 0 plugins.
Preloading 0 native plugins for Editor in 0.00 ms.
Initialize engine version: 2020.2.2f1 (068178b99f32)
[Subsystems] Discovering subsystems at path D:/Program Files (x86)/Unity/2020.2.2f1/Editor/Data/Resources/UnitySubsystems
[Subsystems] Discovering subsystems at path D:/Desktop(Drive Data)/TOJam/CombatEmotions/Combat-Emotions/Assets
GfxDevice: creating device client; threaded=0
Direct3D:
    Version:  Direct3D 11.0 [level 11.1]
    Renderer: NVIDIA GeForce GTX 1060 (ID=0x1c20)
    Vendor:   
    VRAM:     2987 MB
    Driver:   27.21.14.6627
Initialize mono
Mono path[0] = 'D:/Program Files (x86)/Unity/2020.2.2f1/Editor/Data/Managed'
Mono path[1] = 'D:/Program Files (x86)/Unity/2020.2.2f1/Editor/Data/MonoBleedingEdge/lib/mono/unityjit'
Mono config path = 'D:/Program Files (x86)/Unity/2020.2.2f1/Editor/Data/MonoBleedingEdge/etc'
Using monoOptions --debugger-agent=transport=dt_socket,embedding=1,server=y,suspend=n,address=127.0.0.1:56960
Begin MonoManager ReloadAssembly
Registering precompiled unity dll's ...
Register platform support module: D:/Program Files (x86)/Unity/2020.2.2f1/Editor/Data/PlaybackEngines/WindowsStandaloneSupport/UnityEditor.WindowsStandalone.Extensions.dll
Registered in 0.001818 seconds.
Native extension for WindowsStandalone target not found
Refreshing native plugins compatible for Editor in 35.47 ms, found 0 plugins.
Preloading 0 native plugins for Editor in 0.00 ms.
Invoked RoslynAnalysisRunner static constructor.
RoslynAnalysisRunner will not be running.
RoslynAnalysisRunner has terminated.
Mono: successfully reloaded assembly
- Completed reload, in  2.762 seconds
Platform modules already initialized, skipping
Registering precompiled user dll's ...
Registered in 0.000914 seconds.
Begin MonoManager ReloadAssembly
Native extension for WindowsStandalone target not found
Refreshing native plugins compatible for Editor in 0.26 ms, found 0 plugins.
Preloading 0 native plugins for Editor in 0.00 ms.
Invoked RoslynAnalysisRunner static constructor.
RoslynAnalysisRunner will not be running.
RoslynAnalysisRunner has terminated.
Mono: successfully reloaded assembly
- Completed reload, in  1.230 seconds
Platform modules already initialized, skipping
========================================================================
Worker process is ready to serve import requests
Launched and connected shader compiler UnityShaderCompiler.exe after 0.13 seconds
Refreshing native plugins compatible for Editor in 0.21 ms, found 0 plugins.
Preloading 0 native plugins for Editor in 0.00 ms.
Unloading 1182 Unused Serialized files (Serialized files now loaded: 0)
System memory in use before: 59.0 MB.
System memory in use after: 59.1 MB.

Unloading 13 unused Assets to reduce memory usage. Loaded Objects now: 1628.
Total: 2.074700 ms (FindLiveObjects: 0.346600 ms CreateObjectMapping: 0.078700 ms MarkObjects: 1.568000 ms  DeleteObjects: 0.080300 ms)

========================================================================
Received Import Request.
  path: Assets/Scripts/CameraFollow.cs
  artifactKey: Guid(e4efaee356c574c40a0804217ff488dc) Importer(815301076,1909f56bfc062723c751e8b465ee728b)
Start importing Assets/Scripts/CameraFollow.cs using Guid(e4efaee356c574c40a0804217ff488dc) Importer(815301076,1909f56bfc062723c751e8b465ee728b)  -> (artifact id: '6283a425537dd119060a93ea294eb932') in 0.055352 seconds
  Import took 0.058947 seconds .

========================================================================
Received Prepare
Registering precompiled user dll's ...
Registered in 0.001086 seconds.
Begin MonoManager ReloadAssembly
Native extension for WindowsStandalone target not found
Refreshing native plugins compatible for Editor in 0.27 ms, found 0 plugins.
Preloading 0 native plugins for Editor in 0.00 ms.
Invoked RoslynAnalysisRunner static constructor.
RoslynAnalysisRunner will not be running.
RoslynAnalysisRunner has terminated.
Mono: successfully reloaded assembly
- Completed reload, in  1.145 seconds
Platform modules already initialized, skipping
Refreshing native plugins compatible for Editor in 0.22 ms, found 0 plugins.
Preloading 0 native plugins for Editor in 0.00 ms.
Unloading 1176 Unused Serialized files (Serialized files now loaded: 0)
System memory in use before: 59.0 MB.
System memory in use after: 59.1 MB.

Unloading 4 unused Assets to reduce memory usage. Loaded Objects now: 1630.
Total: 1.588000 ms (FindLiveObjects: 0.190800 ms CreateObjectMapping: 0.043600 ms MarkObjects: 1.334700 ms  DeleteObjects: 0.017800 ms)

========================================================================
Received Prepare
Registering precompiled user dll's ...
Registered in 0.000728 seconds.
Begin MonoManager ReloadAssembly
Native extension for WindowsStandalone target not found
Refreshing native plugins compatible for Editor in 0.47 ms, found 0 plugins.
Preloading 0 native plugins for Editor in 0.00 ms.
Invoked RoslynAnalysisRunner static constructor.
RoslynAnalysisRunner will not be running.
RoslynAnalysisRunner has terminated.
Mono: successfully reloaded assembly
- Completed reload, in  1.209 seconds
Platform modules already initialized, skipping
Refreshing native plugins compatible for Editor in 0.23 ms, found 0 plugins.
Preloading 0 native plugins for Editor in 0.00 ms.
Unloading 1176 Unused Serialized files (Serialized files now loaded: 0)
System memory in use before: 59.1 MB.
System memory in use after: 59.2 MB.

Unloading 4 unused Assets to reduce memory usage. Loaded Objects now: 1632.
Total: 1.745000 ms (FindLiveObjects: 0.148800 ms CreateObjectMapping: 0.038500 ms MarkObjects: 1.537600 ms  DeleteObjects: 0.019100 ms)

========================================================================
Received Prepare
Registering precompiled user dll's ...
Registered in 0.003306 seconds.
Begin MonoManager ReloadAssembly
Native extension for WindowsStandalone target not found
Refreshing native plugins compatible for Editor in 0.42 ms, found 0 plugins.
Preloading 0 native plugins for Editor in 0.00 ms.
Invoked RoslynAnalysisRunner static constructor.
RoslynAnalysisRunner will not be running.
RoslynAnalysisRunner has terminated.
Mono: successfully reloaded assembly
- Completed reload, in  1.631 seconds
Platform modules already initialized, skipping
Refreshing native plugins compatible for Editor in 0.26 ms, found 0 plugins.
Preloading 0 native plugins for Editor in 0.00 ms.
Unloading 1176 Unused Serialized files (Serialized files now loaded: 0)
System memory in use before: 59.2 MB.
System memory in use after: 59.3 MB.

Unloading 4 unused Assets to reduce memory usage. Loaded Objects now: 1634.
Total: 2.377100 ms (FindLiveObjects: 0.196800 ms CreateObjectMapping: 0.058400 ms MarkObjects: 2.099600 ms  DeleteObjects: 0.019800 ms)

========================================================================
Received Prepare
Registering precompiled user dll's ...
Registered in 0.000765 seconds.
Begin MonoManager ReloadAssembly
Native extension for WindowsStandalone target not found
Refreshing native plugins compatible for Editor in 0.27 ms, found 0 plugins.
Preloading 0 native plugins for Editor in 0.00 ms.
Invoked RoslynAnalysisRunner static constructor.
RoslynAnalysisRunner will not be running.
RoslynAnalysisRunner has terminated.
Mono: successfully reloaded assembly
- Completed reload, in  1.179 seconds
Platform modules already initialized, skipping
Refreshing native plugins compatible for Editor in 0.23 ms, found 0 plugins.
Preloading 0 native plugins for Editor in 0.00 ms.
Unloading 1176 Unused Serialized files (Serialized files now loaded: 0)
System memory in use before: 59.2 MB.
System memory in use after: 59.3 MB.

Unloading 4 unused Assets to reduce memory usage. Loaded Objects now: 1636.
Total: 3.225100 ms (FindLiveObjects: 0.307200 ms CreateObjectMapping: 0.086300 ms MarkObjects: 2.809400 ms  DeleteObjects: 0.020300 ms)

========================================================================
Received Prepare
Registering precompiled user dll's ...
Registered in 0.000977 seconds.
Begin MonoManager ReloadAssembly
Native extension for WindowsStandalone target not found
Refreshing native plugins compatible for Editor in 0.27 ms, found 0 plugins.
Preloading 0 native plugins for Editor in 0.00 ms.
Invoked RoslynAnalysisRunner static constructor.
RoslynAnalysisRunner will not be running.
RoslynAnalysisRunner has terminated.
Mono: successfully reloaded assembly
- Completed reload, in  1.191 seconds
Platform modules already initialized, skipping
Refreshing native plugins compatible for Editor in 0.58 ms, found 0 plugins.
Preloading 0 native plugins for Editor in 0.00 ms.
Unloading 1176 Unused Serialized files (Serialized files now loaded: 0)
System memory in use before: 59.3 MB.
System memory in use after: 59.4 MB.

Unloading 4 unused Assets to reduce memory usage. Loaded Objects now: 1638.
Total: 3.552900 ms (FindLiveObjects: 0.226500 ms CreateObjectMapping: 0.116600 ms MarkObjects: 3.132000 ms  DeleteObjects: 0.076200 ms)

========================================================================
Received Prepare
Registering precompiled user dll's ...
Registered in 0.000873 seconds.
Begin MonoManager ReloadAssembly
Native extension for WindowsStandalone target not found
Refreshing native plugins compatible for Editor in 0.23 ms, found 0 plugins.
Preloading 0 native plugins for Editor in 0.00 ms.
Invoked RoslynAnalysisRunner static constructor.
RoslynAnalysisRunner will not be running.
RoslynAnalysisRunner has terminated.
Mono: successfully reloaded assembly
- Completed reload, in  1.129 seconds
Platform modules already initialized, skipping
Refreshing native plugins compatible for Editor in 0.27 ms, found 0 plugins.
Preloading 0 native plugins for Editor in 0.00 ms.
Unloading 1176 Unused Serialized files (Serialized files now loaded: 0)
System memory in use before: 59.4 MB.
System memory in use after: 59.5 MB.

Unloading 4 unused Assets to reduce memory usage. Loaded Objects now: 1640.
Total: 4.328200 ms (FindLiveObjects: 0.434300 ms CreateObjectMapping: 0.102100 ms MarkObjects: 3.769400 ms  DeleteObjects: 0.020300 ms)

========================================================================
Received Prepare
Registering precompiled user dll's ...
Registered in 0.000879 seconds.
Begin MonoManager ReloadAssembly
Native extension for WindowsStandalone target not found
Refreshing native plugins compatible for Editor in 0.23 ms, found 0 plugins.
Preloading 0 native plugins for Editor in 0.00 ms.
Invoked RoslynAnalysisRunner static constructor.
RoslynAnalysisRunner will not be running.
RoslynAnalysisRunner has terminated.
Mono: successfully reloaded assembly
- Completed reload, in  1.323 seconds
Platform modules already initialized, skipping
Refreshing native plugins compatible for Editor in 0.23 ms, found 0 plugins.
Preloading 0 native plugins for Editor in 0.00 ms.
Unloading 1176 Unused Serialized files (Serialized files now loaded: 0)
System memory in use before: 59.5 MB.
System memory in use after: 59.6 MB.

Unloading 4 unused Assets to reduce memory usage. Loaded Objects now: 1642.
Total: 2.113300 ms (FindLiveObjects: 0.269900 ms CreateObjectMapping: 0.104500 ms MarkObjects: 1.719200 ms  DeleteObjects: 0.018100 ms)

========================================================================
Received Prepare
Registering precompiled user dll's ...
Registered in 0.000991 seconds.
Begin MonoManager ReloadAssembly
Native extension for WindowsStandalone target not found
Refreshing native plugins compatible for Editor in 0.36 ms, found 0 plugins.
Preloading 0 native plugins for Editor in 0.00 ms.
Invoked RoslynAnalysisRunner static constructor.
RoslynAnalysisRunner will not be running.
RoslynAnalysisRunner has terminated.
Mono: successfully reloaded assembly
- Completed reload, in  1.266 seconds
Platform modules already initialized, skipping
Refreshing native plugins compatible for Editor in 0.26 ms, found 0 plugins.
Preloading 0 native plugins for Editor in 0.00 ms.
Unloading 1176 Unused Serialized files (Serialized files now loaded: 0)
System memory in use before: 59.6 MB.
System memory in use after: 59.7 MB.

Unloading 4 unused Assets to reduce memory usage. Loaded Objects now: 1644.
Total: 2.100900 ms (FindLiveObjects: 0.297800 ms CreateObjectMapping: 0.097400 ms MarkObjects: 1.688200 ms  DeleteObjects: 0.015300 ms)

========================================================================
Received Prepare
Registering precompiled user dll's ...
Registered in 0.002968 seconds.
Begin MonoManager ReloadAssembly
Native extension for WindowsStandalone target not found
Refreshing native plugins compatible for Editor in 0.24 ms, found 0 plugins.
Preloading 0 native plugins for Editor in 0.00 ms.
Invoked RoslynAnalysisRunner static constructor.
RoslynAnalysisRunner will not be running.
RoslynAnalysisRunner has terminated.
Mono: successfully reloaded assembly
- Completed reload, in  1.098 seconds
Platform modules already initialized, skipping
Refreshing native plugins compatible for Editor in 0.33 ms, found 0 plugins.
Preloading 0 native plugins for Editor in 0.00 ms.
Unloading 1176 Unused Serialized files (Serialized files now loaded: 0)
System memory in use before: 59.7 MB.
System memory in use after: 59.8 MB.

Unloading 4 unused Assets to reduce memory usage. Loaded Objects now: 1646.
Total: 1.795800 ms (FindLiveObjects: 0.164000 ms CreateObjectMapping: 0.040300 ms MarkObjects: 1.575800 ms  DeleteObjects: 0.014600 ms)

========================================================================
Received Prepare
Registering precompiled user dll's ...
Registered in 0.001057 seconds.
Begin MonoManager ReloadAssembly
Native extension for WindowsStandalone target not found
Refreshing native plugins compatible for Editor in 0.28 ms, found 0 plugins.
Preloading 0 native plugins for Editor in 0.00 ms.
Invoked RoslynAnalysisRunner static constructor.
RoslynAnalysisRunner will not be running.
RoslynAnalysisRunner has terminated.
Mono: successfully reloaded assembly
- Completed reload, in  1.326 seconds
Platform modules already initialized, skipping
Refreshing native plugins compatible for Editor in 0.24 ms, found 0 plugins.
Preloading 0 native plugins for Editor in 0.00 ms.
Unloading 1176 Unused Serialized files (Serialized files now loaded: 0)
System memory in use before: 59.8 MB.
System memory in use after: 59.9 MB.

Unloading 4 unused Assets to reduce memory usage. Loaded Objects now: 1648.
Total: 2.891900 ms (FindLiveObjects: 0.164700 ms CreateObjectMapping: 0.044100 ms MarkObjects: 2.660900 ms  DeleteObjects: 0.020400 ms)

========================================================================
Received Prepare
Registering precompiled user dll's ...
Registered in 0.000754 seconds.
Begin MonoManager ReloadAssembly
Native extension for WindowsStandalone target not found
Refreshing native plugins compatible for Editor in 0.43 ms, found 0 plugins.
Preloading 0 native plugins for Editor in 0.00 ms.
Invoked RoslynAnalysisRunner static constructor.
RoslynAnalysisRunner will not be running.
RoslynAnalysisRunner has terminated.
Mono: successfully reloaded assembly
- Completed reload, in  1.082 seconds
Platform modules already initialized, skipping
Refreshing native plugins compatible for Editor in 0.34 ms, found 0 plugins.
Preloading 0 native plugins for Editor in 0.00 ms.
Unloading 1176 Unused Serialized files (Serialized files now loaded: 0)
System memory in use before: 59.9 MB.
System memory in use after: 60.0 MB.

Unloading 4 unused Assets to reduce memory usage. Loaded Objects now: 1650.
Total: 2.031200 ms (FindLiveObjects: 0.317500 ms CreateObjectMapping: 0.046600 ms MarkObjects: 1.645400 ms  DeleteObjects: 0.019900 ms)

========================================================================
Received Prepare
Registering precompiled user dll's ...
Registered in 0.001453 seconds.
Begin MonoManager ReloadAssembly
Native extension for WindowsStandalone target not found
Refreshing native plugins compatible for Editor in 0.37 ms, found 0 plugins.
Preloading 0 native plugins for Editor in 0.00 ms.
Invoked RoslynAnalysisRunner static constructor.
RoslynAnalysisRunner will not be running.
RoslynAnalysisRunner has terminated.
Mono: successfully reloaded assembly
- Completed reload, in  1.258 seconds
Platform modules already initialized, skipping
Refreshing native plugins compatible for Editor in 0.23 ms, found 0 plugins.
Preloading 0 native plugins for Editor in 0.00 ms.
Unloading 1176 Unused Serialized files (Serialized files now loaded: 0)
System memory in use before: 59.9 MB.
System memory in use after: 60.0 MB.

Unloading 4 unused Assets to reduce memory usage. Loaded Objects now: 1652.
Total: 1.692200 ms (FindLiveObjects: 0.145700 ms CreateObjectMapping: 0.059200 ms MarkObjects: 1.470100 ms  DeleteObjects: 0.015800 ms)

========================================================================
Received Prepare
Registering precompiled user dll's ...
Registered in 0.001081 seconds.
Begin MonoManager ReloadAssembly
Native extension for WindowsStandalone target not found
Refreshing native plugins compatible for Editor in 0.22 ms, found 0 plugins.
Preloading 0 native plugins for Editor in 0.00 ms.
Invoked RoslynAnalysisRunner static constructor.
RoslynAnalysisRunner will not be running.
RoslynAnalysisRunner has terminated.
Mono: successfully reloaded assembly
- Completed reload, in  1.079 seconds
Platform modules already initialized, skipping
Refreshing native plugins compatible for Editor in 0.26 ms, found 0 plugins.
Preloading 0 native plugins for Editor in 0.00 ms.
Unloading 1176 Unused Serialized files (Serialized files now loaded: 0)
System memory in use before: 60.0 MB.
System memory in use after: 60.1 MB.

Unloading 4 unused Assets to reduce memory usage. Loaded Objects now: 1654.
Total: 1.850900 ms (FindLiveObjects: 0.133400 ms CreateObjectMapping: 0.039800 ms MarkObjects: 1.652100 ms  DeleteObjects: 0.024500 ms)

========================================================================
Received Prepare
Registering precompiled user dll's ...
Registered in 0.000778 seconds.
Begin MonoManager ReloadAssembly
Native extension for WindowsStandalone target not found
Refreshing native plugins compatible for Editor in 0.37 ms, found 0 plugins.
Preloading 0 native plugins for Editor in 0.00 ms.
Invoked RoslynAnalysisRunner static constructor.
RoslynAnalysisRunner will not be running.
RoslynAnalysisRunner has terminated.
Mono: successfully reloaded assembly
- Completed reload, in  1.282 seconds
Platform modules already initialized, skipping
Refreshing native plugins compatible for Editor in 0.23 ms, found 0 plugins.
Preloading 0 native plugins for Editor in 0.00 ms.
Unloading 1176 Unused Serialized files (Serialized files now loaded: 0)
System memory in use before: 60.1 MB.
System memory in use after: 60.2 MB.

Unloading 4 unused Assets to reduce memory usage. Loaded Objects now: 1656.
Total: 2.242800 ms (FindLiveObjects: 0.259100 ms CreateObjectMapping: 0.231900 ms MarkObjects: 1.717900 ms  DeleteObjects: 0.032800 ms)

========================================================================
Received Import Request.
  Time since last request: 7581.119909 seconds.
  path: Assets/Scripts/Gate.cs
  artifactKey: Guid(0f1173ddb265f89479deef9f5e21e5df) Importer(815301076,1909f56bfc062723c751e8b465ee728b)
Start importing Assets/Scripts/Gate.cs using Guid(0f1173ddb265f89479deef9f5e21e5df) Importer(815301076,1909f56bfc062723c751e8b465ee728b)  -> (artifact id: 'c06abda8e128df540ae0837f4e7f478f') in 0.019700 seconds
  Import took 0.023574 seconds .

========================================================================
Received Prepare
Registering precompiled user dll's ...
Registered in 0.000971 seconds.
Begin MonoManager ReloadAssembly
Native extension for WindowsStandalone target not found
Refreshing native plugins compatible for Editor in 0.24 ms, found 0 plugins.
Preloading 0 native plugins for Editor in 0.00 ms.
Invoked RoslynAnalysisRunner static constructor.
RoslynAnalysisRunner will not be running.
RoslynAnalysisRunner has terminated.
Mono: successfully reloaded assembly
- Completed reload, in  1.378 seconds
Platform modules already initialized, skipping
Refreshing native plugins compatible for Editor in 0.26 ms, found 0 plugins.
Preloading 0 native plugins for Editor in 0.00 ms.
Unloading 1177 Unused Serialized files (Serialized files now loaded: 0)
System memory in use before: 60.2 MB.
System memory in use after: 60.3 MB.

Unloading 4 unused Assets to reduce memory usage. Loaded Objects now: 1659.
Total: 2.408300 ms (FindLiveObjects: 0.210200 ms CreateObjectMapping: 0.057700 ms MarkObjects: 2.119900 ms  DeleteObjects: 0.017500 ms)

========================================================================
Received Import Request.
  Time since last request: 8.749092 seconds.
  path: Assets/Scripts/Camera
  artifactKey: Guid(924822ee241821a45a676285be5fe807) Importer(815301076,1909f56bfc062723c751e8b465ee728b)
Start importing Assets/Scripts/Camera using Guid(924822ee241821a45a676285be5fe807) Importer(815301076,1909f56bfc062723c751e8b465ee728b)  -> (artifact id: '4233c7ab0da6a5a07582160389e7f8db') in 0.013383 seconds
  Import took 0.015743 seconds .

========================================================================
Received Prepare
Registering precompiled user dll's ...
Registered in 0.000856 seconds.
Begin MonoManager ReloadAssembly
Native extension for WindowsStandalone target not found
Refreshing native plugins compatible for Editor in 0.22 ms, found 0 plugins.
Preloading 0 native plugins for Editor in 0.00 ms.
Invoked RoslynAnalysisRunner static constructor.
RoslynAnalysisRunner will not be running.
RoslynAnalysisRunner has terminated.
Mono: successfully reloaded assembly
- Completed reload, in  1.268 seconds
Platform modules already initialized, skipping
Refreshing native plugins compatible for Editor in 0.26 ms, found 0 plugins.
Preloading 0 native plugins for Editor in 0.00 ms.
Unloading 1177 Unused Serialized files (Serialized files now loaded: 0)
System memory in use before: 60.3 MB.
System memory in use after: 60.4 MB.

Unloading 4 unused Assets to reduce memory usage. Loaded Objects now: 1661.
Total: 2.326600 ms (FindLiveObjects: 0.302000 ms CreateObjectMapping: 0.085100 ms MarkObjects: 1.907900 ms  DeleteObjects: 0.030100 ms)

========================================================================
Received Prepare
Registering precompiled user dll's ...
Registered in 0.000748 seconds.
Begin MonoManager ReloadAssembly
Native extension for WindowsStandalone target not found
Refreshing native plugins compatible for Editor in 0.27 ms, found 0 plugins.
Preloading 0 native plugins for Editor in 0.00 ms.
Invoked RoslynAnalysisRunner static constructor.
RoslynAnalysisRunner will not be running.
RoslynAnalysisRunner has terminated.
Mono: successfully reloaded assembly
- Completed reload, in  1.119 seconds
Platform modules already initialized, skipping
Refreshing native plugins compatible for Editor in 0.37 ms, found 0 plugins.
Preloading 0 native plugins for Editor in 0.00 ms.
Unloading 1177 Unused Serialized files (Serialized files now loaded: 0)
System memory in use before: 60.4 MB.
System memory in use after: 60.5 MB.

Unloading 4 unused Assets to reduce memory usage. Loaded Objects now: 1663.
Total: 2.048300 ms (FindLiveObjects: 0.262100 ms CreateObjectMapping: 0.072700 ms MarkObjects: 1.697100 ms  DeleteObjects: 0.015200 ms)

========================================================================
Received Import Request.
  Time since last request: 103.462709 seconds.
  path: Assets/Scripts/Camera/CameraFollow.cs
  artifactKey: Guid(e4efaee356c574c40a0804217ff488dc) Importer(815301076,1909f56bfc062723c751e8b465ee728b)
Start importing Assets/Scripts/Camera/CameraFollow.cs using Guid(e4efaee356c574c40a0804217ff488dc) Importer(815301076,1909f56bfc062723c751e8b465ee728b)  -> (artifact id: '5138d178cbd8120c9f5ef6f042e0d50e') in 0.008046 seconds
  Import took 0.054573 seconds .

========================================================================
Received Prepare
Registering precompiled user dll's ...
Registered in 0.001152 seconds.
Begin MonoManager ReloadAssembly
Native extension for WindowsStandalone target not found
Refreshing native plugins compatible for Editor in 0.23 ms, found 0 plugins.
Preloading 0 native plugins for Editor in 0.00 ms.
Invoked RoslynAnalysisRunner static constructor.
RoslynAnalysisRunner will not be running.
RoslynAnalysisRunner has terminated.
Mono: successfully reloaded assembly
- Completed reload, in  1.183 seconds
Platform modules already initialized, skipping
Refreshing native plugins compatible for Editor in 0.28 ms, found 0 plugins.
Preloading 0 native plugins for Editor in 0.00 ms.
Unloading 1177 Unused Serialized files (Serialized files now loaded: 0)
System memory in use before: 60.5 MB.
System memory in use after: 60.6 MB.

Unloading 4 unused Assets to reduce memory usage. Loaded Objects now: 1665.
Total: 1.692300 ms (FindLiveObjects: 0.154800 ms CreateObjectMapping: 0.043100 ms MarkObjects: 1.476600 ms  DeleteObjects: 0.016400 ms)

========================================================================
Received Prepare
Registering precompiled user dll's ...
Registered in 0.000921 seconds.
Begin MonoManager ReloadAssembly
Native extension for WindowsStandalone target not found
Refreshing native plugins compatible for Editor in 0.22 ms, found 0 plugins.
Preloading 0 native plugins for Editor in 0.00 ms.
Invoked RoslynAnalysisRunner static constructor.
RoslynAnalysisRunner will not be running.
RoslynAnalysisRunner has terminated.
Mono: successfully reloaded assembly
- Completed reload, in  1.063 seconds
Platform modules already initialized, skipping
Refreshing native plugins compatible for Editor in 0.28 ms, found 0 plugins.
Preloading 0 native plugins for Editor in 0.00 ms.
Unloading 1177 Unused Serialized files (Serialized files now loaded: 0)
System memory in use before: 60.6 MB.
System memory in use after: 60.7 MB.

Unloading 4 unused Assets to reduce memory usage. Loaded Objects now: 1667.
Total: 2.475400 ms (FindLiveObjects: 0.137700 ms CreateObjectMapping: 0.039100 ms MarkObjects: 2.277600 ms  DeleteObjects: 0.019700 ms)

========================================================================
Received Prepare
Registering precompiled user dll's ...
Registered in 0.000916 seconds.
Begin MonoManager ReloadAssembly
Native extension for WindowsStandalone target not found
Refreshing native plugins compatible for Editor in 0.74 ms, found 0 plugins.
Preloading 0 native plugins for Editor in 0.00 ms.
Invoked RoslynAnalysisRunner static constructor.
RoslynAnalysisRunner will not be running.
RoslynAnalysisRunner has terminated.
Mono: successfully reloaded assembly
- Completed reload, in  1.353 seconds
Platform modules already initialized, skipping
Refreshing native plugins compatible for Editor in 0.22 ms, found 0 plugins.
Preloading 0 native plugins for Editor in 0.00 ms.
Unloading 1177 Unused Serialized files (Serialized files now loaded: 0)
System memory in use before: 60.7 MB.
System memory in use after: 60.8 MB.

Unloading 4 unused Assets to reduce memory usage. Loaded Objects now: 1669.
Total: 2.684200 ms (FindLiveObjects: 0.223700 ms CreateObjectMapping: 0.055600 ms MarkObjects: 2.384300 ms  DeleteObjects: 0.019000 ms)

========================================================================
Received Prepare
Registering precompiled user dll's ...
Registered in 0.001192 seconds.
Begin MonoManager ReloadAssembly
Native extension for WindowsStandalone target not found
Refreshing native plugins compatible for Editor in 0.22 ms, found 0 plugins.
Preloading 0 native plugins for Editor in 0.00 ms.
Invoked RoslynAnalysisRunner static constructor.
RoslynAnalysisRunner will not be running.
RoslynAnalysisRunner has terminated.
Mono: successfully reloaded assembly
- Completed reload, in  1.108 seconds
Platform modules already initialized, skipping
Refreshing native plugins compatible for Editor in 0.28 ms, found 0 plugins.
Preloading 0 native plugins for Editor in 0.00 ms.
Unloading 1177 Unused Serialized files (Serialized files now loaded: 0)
System memory in use before: 60.8 MB.
System memory in use after: 60.9 MB.

Unloading 4 unused Assets to reduce memory usage. Loaded Objects now: 1671.
Total: 2.214600 ms (FindLiveObjects: 0.208300 ms CreateObjectMapping: 0.065700 ms MarkObjects: 1.919500 ms  DeleteObjects: 0.018800 ms)

========================================================================
Received Prepare
Registering precompiled user dll's ...
Registered in 0.000759 seconds.
Begin MonoManager ReloadAssembly
Native extension for WindowsStandalone target not found
Refreshing native plugins compatible for Editor in 0.86 ms, found 0 plugins.
Preloading 0 native plugins for Editor in 0.00 ms.
Invoked RoslynAnalysisRunner static constructor.
RoslynAnalysisRunner will not be running.
RoslynAnalysisRunner has terminated.
Mono: successfully reloaded assembly
- Completed reload, in  1.185 seconds
Platform modules already initialized, skipping
Refreshing native plugins compatible for Editor in 0.22 ms, found 0 plugins.
Preloading 0 native plugins for Editor in 0.00 ms.
Unloading 1177 Unused Serialized files (Serialized files now loaded: 0)
System memory in use before: 60.8 MB.
System memory in use after: 60.9 MB.

Unloading 4 unused Assets to reduce memory usage. Loaded Objects now: 1673.
Total: 1.758600 ms (FindLiveObjects: 0.185600 ms CreateObjectMapping: 0.036100 ms MarkObjects: 1.520800 ms  DeleteObjects: 0.014800 ms)

========================================================================
Received Import Request.
  Time since last request: 7315.287321 seconds.
  path: ProjectSettings/TagManager.asset
  artifactKey: Guid(00000000000000003000000000000000) Importer(815301076,1909f56bfc062723c751e8b465ee728b)
Start importing ProjectSettings/TagManager.asset using Guid(00000000000000003000000000000000) Importer(815301076,1909f56bfc062723c751e8b465ee728b)  -> (artifact id: '2fa1d42849b596044785aa1b4973ecd7') in 0.091270 seconds
  Import took 0.094675 seconds .

========================================================================
Received Import Request.
  Time since last request: 41.422222 seconds.
  path: Assets/Sprites/Enemy/Evil Bald Guy/Die/Dying_000.png
  artifactKey: Guid(23ffde81516ca184ba654254c2c7b389) Importer(815301076,1909f56bfc062723c751e8b465ee728b)
Start importing Assets/Sprites/Enemy/Evil Bald Guy/Die/Dying_000.png using Guid(23ffde81516ca184ba654254c2c7b389) Importer(815301076,1909f56bfc062723c751e8b465ee728b)  -> (artifact id: '6e469d784320a9ae4da5e99b155d4e22') in 0.545388 seconds
  Import took 0.548814 seconds .

========================================================================
Received Import Request.
  Time since last request: 0.000227 seconds.
  path: Assets/Sprites/Enemy/Evil Bald Guy/Die/Dying_002.png
  artifactKey: Guid(dd7093849ecff7a46b0f08c17628be8f) Importer(815301076,1909f56bfc062723c751e8b465ee728b)
Start importing Assets/Sprites/Enemy/Evil Bald Guy/Die/Dying_002.png using Guid(dd7093849ecff7a46b0f08c17628be8f) Importer(815301076,1909f56bfc062723c751e8b465ee728b)  -> (artifact id: '5cd45b4bd9ad19aa6a897f4e21b9660e') in 0.072705 seconds
  Import took 0.086935 seconds .

========================================================================
Received Import Request.
  Time since last request: 0.000211 seconds.
  path: Assets/Sprites/Enemy/Evil Bald Guy/Die/Dying_007.png
  artifactKey: Guid(b17029392ffa1ba48a483a1ff7d8e129) Importer(815301076,1909f56bfc062723c751e8b465ee728b)
Start importing Assets/Sprites/Enemy/Evil Bald Guy/Die/Dying_007.png using Guid(b17029392ffa1ba48a483a1ff7d8e129) Importer(815301076,1909f56bfc062723c751e8b465ee728b)  -> (artifact id: '6b72e59e67853ec60ab5ec9c4016fe87') in 0.096618 seconds
  Import took 0.135683 seconds .

========================================================================
Received Import Request.
  Time since last request: 0.000260 seconds.
  path: Assets/Sprites/Enemy/Evil Bald Guy/Die/Dying_004.png
  artifactKey: Guid(c13ec1612c6595d42859a1747032ad2c) Importer(815301076,1909f56bfc062723c751e8b465ee728b)
Start importing Assets/Sprites/Enemy/Evil Bald Guy/Die/Dying_004.png using Guid(c13ec1612c6595d42859a1747032ad2c) Importer(815301076,1909f56bfc062723c751e8b465ee728b)  -> (artifact id: '2214a5c1733f209b4f3fc5d60ecfc9fa') in 0.092981 seconds
  Import took 0.095454 seconds .

========================================================================
Received Import Request.
  Time since last request: 0.000284 seconds.
  path: Assets/Sprites/Enemy/Evil Bald Guy/Die/Dying_005.png
  artifactKey: Guid(568dffcf9b932b343afc398c9510d3f0) Importer(815301076,1909f56bfc062723c751e8b465ee728b)
Start importing Assets/Sprites/Enemy/Evil Bald Guy/Die/Dying_005.png using Guid(568dffcf9b932b343afc398c9510d3f0) Importer(815301076,1909f56bfc062723c751e8b465ee728b)  -> (artifact id: 'fc2a253b1538de83a25b09396fb769a7') in 0.077297 seconds
  Import took 0.080359 seconds .

========================================================================
Received Import Request.
  Time since last request: 0.000320 seconds.
  path: Assets/Sprites/Enemy/Evil Bald Guy/Die/Dying_006.png
  artifactKey: Guid(9d7a1d0890c64e14a9248ffb8ca2cc0d) Importer(815301076,1909f56bfc062723c751e8b465ee728b)
Start importing Assets/Sprites/Enemy/Evil Bald Guy/Die/Dying_006.png using Guid(9d7a1d0890c64e14a9248ffb8ca2cc0d) Importer(815301076,1909f56bfc062723c751e8b465ee728b)  -> (artifact id: '250837dc85d7b9ec63f937c977badd05') in 0.055839 seconds
  Import took 0.059203 seconds .

========================================================================
Received Import Request.
  Time since last request: 0.000350 seconds.
  path: Assets/Sprites/Enemy/Evil Bald Guy/Die/Dying_001.png
  artifactKey: Guid(a933408f7532d1b4ca6181ceeb9a2f46) Importer(815301076,1909f56bfc062723c751e8b465ee728b)
Start importing Assets/Sprites/Enemy/Evil Bald Guy/Die/Dying_001.png using Guid(a933408f7532d1b4ca6181ceeb9a2f46) Importer(815301076,1909f56bfc062723c751e8b465ee728b)  -> (artifact id: 'bc13b34b7623cee2383b492d8662889c') in 0.064377 seconds
  Import took 0.066981 seconds .

========================================================================
Received Import Request.
  Time since last request: 0.000191 seconds.
  path: Assets/Sprites/Enemy/Evil Bald Guy/Die/Dying_008.png
  artifactKey: Guid(12d4da7e09377c348b05c07c5776be33) Importer(815301076,1909f56bfc062723c751e8b465ee728b)
Start importing Assets/Sprites/Enemy/Evil Bald Guy/Die/Dying_008.png using Guid(12d4da7e09377c348b05c07c5776be33) Importer(815301076,1909f56bfc062723c751e8b465ee728b)  -> (artifact id: '9a763008302cb9abea8d42d2137ea7bb') in 0.054149 seconds
  Import took 0.056886 seconds .

========================================================================
Received Import Request.
  Time since last request: 0.000221 seconds.
  path: Assets/Sprites/Enemy/Evil Bald Guy/Die/Dying_009.png
  artifactKey: Guid(ff417e68f35ff9c49ac473e25a9661f1) Importer(815301076,1909f56bfc062723c751e8b465ee728b)
Start importing Assets/Sprites/Enemy/Evil Bald Guy/Die/Dying_009.png using Guid(ff417e68f35ff9c49ac473e25a9661f1) Importer(815301076,1909f56bfc062723c751e8b465ee728b)  -> (artifact id: '95ee72f3d693aa6b35f3f6cfdadfa525') in 0.101786 seconds
  Import took 0.132488 seconds .

========================================================================
Received Import Request.
  Time since last request: 0.000272 seconds.
  path: Assets/Sprites/Enemy/Evil Bald Guy/Die/Dying_003.png
  artifactKey: Guid(68fd4fe725822b74da44683fe7e5b648) Importer(815301076,1909f56bfc062723c751e8b465ee728b)
Start importing Assets/Sprites/Enemy/Evil Bald Guy/Die/Dying_003.png using Guid(68fd4fe725822b74da44683fe7e5b648) Importer(815301076,1909f56bfc062723c751e8b465ee728b)  -> (artifact id: 'bec4a411b461215388ae43850c70f4ea') in 0.069265 seconds
  Import took 0.089038 seconds .

========================================================================
Received Import Request.
  Time since last request: 18.163322 seconds.
  path: Assets/Sprites/Enemy/Evil Bald Guy/Attack/Slashing_007.png
  artifactKey: Guid(0801d521d8dd5a941ae6a6824e0df296) Importer(815301076,1909f56bfc062723c751e8b465ee728b)
Start importing Assets/Sprites/Enemy/Evil Bald Guy/Attack/Slashing_007.png using Guid(0801d521d8dd5a941ae6a6824e0df296) Importer(815301076,1909f56bfc062723c751e8b465ee728b)  -> (artifact id: '7322198ddde63645add9a523d35d5ed1') in 0.124300 seconds
  Import took 0.154411 seconds .

========================================================================
Received Import Request.
  Time since last request: 0.000265 seconds.
  path: Assets/Sprites/Enemy/Evil Bald Guy/Attack/Slashing_011.png
  artifactKey: Guid(c04e4f87b1741e847a78d905cdc06773) Importer(815301076,1909f56bfc062723c751e8b465ee728b)
Start importing Assets/Sprites/Enemy/Evil Bald Guy/Attack/Slashing_011.png using Guid(c04e4f87b1741e847a78d905cdc06773) Importer(815301076,1909f56bfc062723c751e8b465ee728b)  -> (artifact id: '718acb04916cce0032d492cda7f69d34') in 0.074590 seconds
  Import took 0.077513 seconds .

========================================================================
Received Import Request.
  Time since last request: 0.000258 seconds.
  path: Assets/Sprites/Enemy/Evil Bald Guy/Attack/Slashing_009.png
  artifactKey: Guid(f83ebf32456a1974f817bfe65539aed9) Importer(815301076,1909f56bfc062723c751e8b465ee728b)
Start importing Assets/Sprites/Enemy/Evil Bald Guy/Attack/Slashing_009.png using Guid(f83ebf32456a1974f817bfe65539aed9) Importer(815301076,1909f56bfc062723c751e8b465ee728b)  -> (artifact id: '690c7472175fe31c556332508b5cc54f') in 0.075045 seconds
  Import took 0.077540 seconds .

========================================================================
Received Import Request.
  Time since last request: 0.000187 seconds.
  path: Assets/Sprites/Enemy/Evil Bald Guy/Attack/Slashing_008.png
  artifactKey: Guid(1ead732e88290644c97bd1b99e2ce703) Importer(815301076,1909f56bfc062723c751e8b465ee728b)
Start importing Assets/Sprites/Enemy/Evil Bald Guy/Attack/Slashing_008.png using Guid(1ead732e88290644c97bd1b99e2ce703) Importer(815301076,1909f56bfc062723c751e8b465ee728b)  -> (artifact id: '372b61cc0550d2476a7df0d5a9c0562c') in 0.062967 seconds
  Import took 0.065097 seconds .

========================================================================
Received Import Request.
  Time since last request: 0.000188 seconds.
  path: Packages/com.unity.2d.sprite/Editor/ObjectMenuCreation/DefaultAssets/Textures/Square.png
  artifactKey: Guid(db750325989564987a34393247d883b4) Importer(815301076,1909f56bfc062723c751e8b465ee728b)
Start importing Packages/com.unity.2d.sprite/Editor/ObjectMenuCreation/DefaultAssets/Textures/Square.png using Guid(db750325989564987a34393247d883b4) Importer(815301076,1909f56bfc062723c751e8b465ee728b)  -> (artifact id: '2f74180038c59f110782d20129a64b05') in 0.017365 seconds
  Import took 0.019963 seconds .

========================================================================
Received Import Request.
  Time since last request: 0.000260 seconds.
  path: Assets/Sprites/Enemy/Evil Bald Guy/Attack/Slashing_010.png
  artifactKey: Guid(21a10fc375702e441ab8ec2af2818f7e) Importer(815301076,1909f56bfc062723c751e8b465ee728b)
Start importing Assets/Sprites/Enemy/Evil Bald Guy/Attack/Slashing_010.png using Guid(21a10fc375702e441ab8ec2af2818f7e) Importer(815301076,1909f56bfc062723c751e8b465ee728b)  -> (artifact id: 'fb54eeb91b1e0967a1146436c01f3345') in 0.078912 seconds
  Import took 0.095792 seconds .

========================================================================
Received Import Request.
  Time since last request: 0.500486 seconds.
  path: Assets/Sprites/Enemy/Evil Bald Guy/Attack/Slashing_005.png
  artifactKey: Guid(387cff9fccf1ec441b5257d3f01a9dcd) Importer(815301076,1909f56bfc062723c751e8b465ee728b)
Start importing Assets/Sprites/Enemy/Evil Bald Guy/Attack/Slashing_005.png using Guid(387cff9fccf1ec441b5257d3f01a9dcd) Importer(815301076,1909f56bfc062723c751e8b465ee728b)  -> (artifact id: '2979e937b475167aa382a5593252b655') in 0.067634 seconds
  Import took 0.077849 seconds .

========================================================================
Received Import Request.
  Time since last request: 0.000307 seconds.
  path: Assets/Sprites/Enemy/Evil Bald Guy/Attack/Slashing_006.png
  artifactKey: Guid(6944354eb72e47f44b2a08380e6c4c5f) Importer(815301076,1909f56bfc062723c751e8b465ee728b)
Start importing Assets/Sprites/Enemy/Evil Bald Guy/Attack/Slashing_006.png using Guid(6944354eb72e47f44b2a08380e6c4c5f) Importer(815301076,1909f56bfc062723c751e8b465ee728b)  -> (artifact id: '62d393fb346778c10ac05804778c6b64') in 0.054031 seconds
  Import took 0.057098 seconds .

========================================================================
Received Import Request.
  Time since last request: 0.000264 seconds.
  path: Assets/Sprites/Enemy/Evil Bald Guy/Attack/Slashing_004.png
  artifactKey: Guid(66b0ea852a2450d4884805fabf26187b) Importer(815301076,1909f56bfc062723c751e8b465ee728b)
Start importing Assets/Sprites/Enemy/Evil Bald Guy/Attack/Slashing_004.png using Guid(66b0ea852a2450d4884805fabf26187b) Importer(815301076,1909f56bfc062723c751e8b465ee728b)  -> (artifact id: '9b32fd4654ea1c87f3f4d6456cab05e2') in 0.060442 seconds
  Import took 0.062920 seconds .

========================================================================
Received Import Request.
  Time since last request: 0.000232 seconds.
  path: Assets/Sprites/Enemy/Evil Bald Guy/Attack/Slashing_003.png
  artifactKey: Guid(a918c6665d048ba4a907d091706c24a2) Importer(815301076,1909f56bfc062723c751e8b465ee728b)
Start importing Assets/Sprites/Enemy/Evil Bald Guy/Attack/Slashing_003.png using Guid(a918c6665d048ba4a907d091706c24a2) Importer(815301076,1909f56bfc062723c751e8b465ee728b)  -> (artifact id: 'f20a4a78483e1235979c048780c9022c') in 0.067233 seconds
  Import took 0.088001 seconds .

========================================================================
Received Import Request.
  Time since last request: 0.625656 seconds.
  path: Assets/Sprites/Enemy/Evil Bald Guy/Attack/Slashing_001.png
  artifactKey: Guid(0bfb9e2da4bc0b3428b99c2f8d9a9830) Importer(815301076,1909f56bfc062723c751e8b465ee728b)
Start importing Assets/Sprites/Enemy/Evil Bald Guy/Attack/Slashing_001.png using Guid(0bfb9e2da4bc0b3428b99c2f8d9a9830) Importer(815301076,1909f56bfc062723c751e8b465ee728b)  -> (artifact id: 'f47da6caf209efa86c1227894ac121c5') in 0.096326 seconds
  Import took 0.099541 seconds .

========================================================================
Received Import Request.
  Time since last request: 0.000216 seconds.
  path: Assets/Sprites/Enemy/Evil Bald Guy/Attack/Slashing_002.png
  artifactKey: Guid(a49bd791e6b4ac642a16d893e226da05) Importer(815301076,1909f56bfc062723c751e8b465ee728b)
Start importing Assets/Sprites/Enemy/Evil Bald Guy/Attack/Slashing_002.png using Guid(a49bd791e6b4ac642a16d893e226da05) Importer(815301076,1909f56bfc062723c751e8b465ee728b)  -> (artifact id: '885e554c5e3949caf27b10427843ae73') in 0.059821 seconds
  Import took 0.062474 seconds .

========================================================================
Received Import Request.
  Time since last request: 0.000209 seconds.
  path: Assets/Sprites/Enemy/Evil Bald Guy/Attack/Slashing_000.png
  artifactKey: Guid(c696fd5c434530347bf14d10257aac5e) Importer(815301076,1909f56bfc062723c751e8b465ee728b)
Start importing Assets/Sprites/Enemy/Evil Bald Guy/Attack/Slashing_000.png using Guid(c696fd5c434530347bf14d10257aac5e) Importer(815301076,1909f56bfc062723c751e8b465ee728b)  -> (artifact id: '85f0e8ec561f7f038efc21ad91d9ab48') in 0.055325 seconds
  Import took 0.108114 seconds .

========================================================================
Received Import Request.
  Time since last request: 0.000215 seconds.
  path: Packages/com.unity.2d.sprite/Editor/ObjectMenuCreation/DefaultAssets/Textures/IsometricDiamond.png
  artifactKey: Guid(0d267bc78a0864eb48358689b29ed20a) Importer(815301076,1909f56bfc062723c751e8b465ee728b)
Start importing Packages/com.unity.2d.sprite/Editor/ObjectMenuCreation/DefaultAssets/Textures/IsometricDiamond.png using Guid(0d267bc78a0864eb48358689b29ed20a) Importer(815301076,1909f56bfc062723c751e8b465ee728b)  -> (artifact id: '4160cc755450ccb06226a59180f51ed2') in 0.064013 seconds
  Import took 0.066706 seconds .

========================================================================
Received Import Request.
  Time since last request: 0.795346 seconds.
  path: Assets/Sprites/Enemy/Evil Bald Guy/Idle/Idle_016.png
  artifactKey: Guid(a4fb1a238ee5eff42b4f7fe25e6a555a) Importer(815301076,1909f56bfc062723c751e8b465ee728b)
Start importing Assets/Sprites/Enemy/Evil Bald Guy/Idle/Idle_016.png using Guid(a4fb1a238ee5eff42b4f7fe25e6a555a) Importer(815301076,1909f56bfc062723c751e8b465ee728b)  -> (artifact id: '21d52c56725663918237bcfcf1465236') in 0.019094 seconds
  Import took 0.021407 seconds .

========================================================================
Received Import Request.
  Time since last request: 0.000298 seconds.
  path: Assets/Sprites/Enemy/Evil Bald Guy/Idle/Idle_017.png
  artifactKey: Guid(f0f0eb741e15b974b86b8068b8b50fe4) Importer(815301076,1909f56bfc062723c751e8b465ee728b)
Start importing Assets/Sprites/Enemy/Evil Bald Guy/Idle/Idle_017.png using Guid(f0f0eb741e15b974b86b8068b8b50fe4) Importer(815301076,1909f56bfc062723c751e8b465ee728b)  -> (artifact id: '4299fac73100f3ea3b728147e7e2d08a') in 0.023360 seconds
  Import took 0.025817 seconds .

========================================================================
Received Import Request.
  Time since last request: 0.012208 seconds.
  path: Assets/Sprites/Enemy/Evil Bald Guy/Idle/Idle_014.png
  artifactKey: Guid(f1a555f0a9506d64dbff5f730501d370) Importer(815301076,1909f56bfc062723c751e8b465ee728b)
Start importing Assets/Sprites/Enemy/Evil Bald Guy/Idle/Idle_014.png using Guid(f1a555f0a9506d64dbff5f730501d370) Importer(815301076,1909f56bfc062723c751e8b465ee728b)  -> (artifact id: '6e53b0485691f9657ed1c4068174d33f') in 0.020336 seconds
  Import took 0.024320 seconds .

========================================================================
Received Import Request.
  Time since last request: 0.000336 seconds.
  path: Assets/Sprites/Enemy/Evil Bald Guy/Idle/Idle_015.png
  artifactKey: Guid(5a692dc9374a140409105efbd09a305d) Importer(815301076,1909f56bfc062723c751e8b465ee728b)
Start importing Assets/Sprites/Enemy/Evil Bald Guy/Idle/Idle_015.png using Guid(5a692dc9374a140409105efbd09a305d) Importer(815301076,1909f56bfc062723c751e8b465ee728b)  -> (artifact id: 'd37f77a483b03a410f07d2a40585e108') in 0.023290 seconds
  Import took 0.045638 seconds .

========================================================================
Received Import Request.
  Time since last request: 0.000238 seconds.
  path: Assets/Sprites/Enemy/Evil Bald Guy/Idle/Idle_005.png
  artifactKey: Guid(47c33551eea3f4c498df2224e79db95e) Importer(815301076,1909f56bfc062723c751e8b465ee728b)
Start importing Assets/Sprites/Enemy/Evil Bald Guy/Idle/Idle_005.png using Guid(47c33551eea3f4c498df2224e79db95e) Importer(815301076,1909f56bfc062723c751e8b465ee728b)  -> (artifact id: '9d53bc9556c64bb2c85dd8d5052fc3fe') in 0.027195 seconds
  Import took 0.031293 seconds .

========================================================================
Received Import Request.
  Time since last request: 0.000237 seconds.
  path: Assets/Sprites/Enemy/Evil Bald Guy/Hurt/Hurt_010.png
  artifactKey: Guid(cabecfb136c929342bc4d86b5af6ed7c) Importer(815301076,1909f56bfc062723c751e8b465ee728b)
Start importing Assets/Sprites/Enemy/Evil Bald Guy/Hurt/Hurt_010.png using Guid(cabecfb136c929342bc4d86b5af6ed7c) Importer(815301076,1909f56bfc062723c751e8b465ee728b)  -> (artifact id: '5b600d19313e22b4a01324cb4b8878ed') in 0.052622 seconds
  Import took 0.057083 seconds .

========================================================================
Received Import Request.
  Time since last request: 0.000309 seconds.
  path: Packages/com.unity.2d.sprite/Editor/ObjectMenuCreation/DefaultAssets/Textures/HexagonPointed-Top.png
  artifactKey: Guid(4b2a04fdbe0ef4d8da8f90eaca817cd1) Importer(815301076,1909f56bfc062723c751e8b465ee728b)
Start importing Packages/com.unity.2d.sprite/Editor/ObjectMenuCreation/DefaultAssets/Textures/HexagonPointed-Top.png using Guid(4b2a04fdbe0ef4d8da8f90eaca817cd1) Importer(815301076,1909f56bfc062723c751e8b465ee728b)  -> (artifact id: 'cfe89d01df2de5cbc1424a453a37a725') in 0.055769 seconds
  Import took 0.058994 seconds .

========================================================================
Received Import Request.
  Time since last request: 0.000196 seconds.
  path: Packages/com.unity.2d.sprite/Editor/ObjectMenuCreation/DefaultAssets/Textures/HexagonFlat-Top.png
  artifactKey: Guid(a9716c16a44a94eed9b5c90fbf4d9bdd) Importer(815301076,1909f56bfc062723c751e8b465ee728b)
Start importing Packages/com.unity.2d.sprite/Editor/ObjectMenuCreation/DefaultAssets/Textures/HexagonFlat-Top.png using Guid(a9716c16a44a94eed9b5c90fbf4d9bdd) Importer(815301076,1909f56bfc062723c751e8b465ee728b)  -> (artifact id: '6066b45c212367cf6448337fe11bb656') in 0.033042 seconds
  Import took 0.040029 seconds .

========================================================================
Received Import Request.
  Time since last request: 0.000179 seconds.
  path: Assets/Sprites/Enemy/Evil Bald Guy/Hurt/Hurt_003.png
  artifactKey: Guid(410a2f1f3aa1d694cbc9067c40c295fc) Importer(815301076,1909f56bfc062723c751e8b465ee728b)
Start importing Assets/Sprites/Enemy/Evil Bald Guy/Hurt/Hurt_003.png using Guid(410a2f1f3aa1d694cbc9067c40c295fc) Importer(815301076,1909f56bfc062723c751e8b465ee728b)  -> (artifact id: '8f4401bfa41197502aa750ac73d893ca') in 0.198832 seconds
  Import took 0.375653 seconds .

========================================================================
Received Import Request.
  Time since last request: 0.000244 seconds.
  path: Assets/Sprites/Enemy/Evil Bald Guy/Die/Dying_011.png
  artifactKey: Guid(a3fce3a37c93ed94a9f4f77638da4585) Importer(815301076,1909f56bfc062723c751e8b465ee728b)
Start importing Assets/Sprites/Enemy/Evil Bald Guy/Die/Dying_011.png using Guid(a3fce3a37c93ed94a9f4f77638da4585) Importer(815301076,1909f56bfc062723c751e8b465ee728b)  -> (artifact id: '89be3b5d975bfc02d355df8fb451c9c1') in 0.110554 seconds
  Import took 0.113284 seconds .

========================================================================
Received Import Request.
  Time since last request: 0.000356 seconds.
  path: Packages/com.unity.2d.sprite/Editor/ObjectMenuCreation/DefaultAssets/Textures/CircleMask.png
  artifactKey: Guid(87aaca0a643d54397ba969dab4fc8875) Importer(815301076,1909f56bfc062723c751e8b465ee728b)
Start importing Packages/com.unity.2d.sprite/Editor/ObjectMenuCreation/DefaultAssets/Textures/CircleMask.png using Guid(87aaca0a643d54397ba969dab4fc8875) Importer(815301076,1909f56bfc062723c751e8b465ee728b)  -> (artifact id: 'd7073dedc6915d72b11561964a4b2b2e') in 0.057116 seconds
  Import took 0.059409 seconds .

========================================================================
Received Import Request.
  Time since last request: 0.000304 seconds.
  path: Packages/com.unity.2d.sprite/Editor/ObjectMenuCreation/DefaultAssets/Textures/9-Sliced.png
  artifactKey: Guid(cc35afd292fc349128b36a291fb3a165) Importer(815301076,1909f56bfc062723c751e8b465ee728b)
Start importing Packages/com.unity.2d.sprite/Editor/ObjectMenuCreation/DefaultAssets/Textures/9-Sliced.png using Guid(cc35afd292fc349128b36a291fb3a165) Importer(815301076,1909f56bfc062723c751e8b465ee728b)  -> (artifact id: '0aa9b9a9f3681188fa725bb9b31e4568') in 0.060597 seconds
  Import took 0.063378 seconds .

========================================================================
Received Import Request.
  Time since last request: 0.000257 seconds.
  path: Assets/Sprites/Enemy/Evil Bald Guy/Hurt/Hurt_011.png
  artifactKey: Guid(06f2d0b64402a10448951347ae626733) Importer(815301076,1909f56bfc062723c751e8b465ee728b)
Start importing Assets/Sprites/Enemy/Evil Bald Guy/Hurt/Hurt_011.png using Guid(06f2d0b64402a10448951347ae626733) Importer(815301076,1909f56bfc062723c751e8b465ee728b)  -> (artifact id: '1ee36174ce48144f49f8d9564726dedf') in 0.077133 seconds
  Import took 0.079720 seconds .

========================================================================
Received Import Request.
  Time since last request: 0.000311 seconds.
  path: Assets/Sprites/Enemy/Evil Bald Guy/Idle/Idle_000.png
  artifactKey: Guid(2fc2d4afb11241146aabb660a818e376) Importer(815301076,1909f56bfc062723c751e8b465ee728b)
Start importing Assets/Sprites/Enemy/Evil Bald Guy/Idle/Idle_000.png using Guid(2fc2d4afb11241146aabb660a818e376) Importer(815301076,1909f56bfc062723c751e8b465ee728b)  -> (artifact id: '6e448bd1439673c7543ef7e4aabb046e') in 0.059739 seconds
  Import took 0.062656 seconds .

========================================================================
Received Import Request.
  Time since last request: 0.000253 seconds.
  path: Assets/Sprites/Enemy/Evil Bald Guy/Idle/Idle_004.png
  artifactKey: Guid(a3dd2af155ac8c34395a7a1eea9192ec) Importer(815301076,1909f56bfc062723c751e8b465ee728b)
Start importing Assets/Sprites/Enemy/Evil Bald Guy/Idle/Idle_004.png using Guid(a3dd2af155ac8c34395a7a1eea9192ec) Importer(815301076,1909f56bfc062723c751e8b465ee728b)  -> (artifact id: '8ad8729a06eeb64edea26c28c570d094') in 0.022403 seconds
  Import took 0.025138 seconds .

========================================================================
Received Import Request.
  Time since last request: 0.000264 seconds.
  path: Assets/Sprites/Enemy/Evil Bald Guy/Idle/Idle_001.png
  artifactKey: Guid(53da561d2bc879445b68308afeffbbd1) Importer(815301076,1909f56bfc062723c751e8b465ee728b)
Start importing Assets/Sprites/Enemy/Evil Bald Guy/Idle/Idle_001.png using Guid(53da561d2bc879445b68308afeffbbd1) Importer(815301076,1909f56bfc062723c751e8b465ee728b)  -> (artifact id: 'e49d6e6effc96e02b7fe56af13a4448b') in 0.021777 seconds
  Import took 0.024514 seconds .

========================================================================
Received Import Request.
  Time since last request: 0.000361 seconds.
  path: Assets/Sprites/Enemy/Evil Bald Guy/Idle/Idle_007.png
  artifactKey: Guid(c6dfd4cbd87e8f646a85238ff1d3a713) Importer(815301076,1909f56bfc062723c751e8b465ee728b)
Start importing Assets/Sprites/Enemy/Evil Bald Guy/Idle/Idle_007.png using Guid(c6dfd4cbd87e8f646a85238ff1d3a713) Importer(815301076,1909f56bfc062723c751e8b465ee728b)  -> (artifact id: '3ee99221e5dfb506aa1f6e1f439467ba') in 0.021091 seconds
  Import took 0.024763 seconds .

========================================================================
Received Import Request.
  Time since last request: 0.000210 seconds.
  path: Packages/com.unity.2d.sprite/Editor/ObjectMenuCreation/DefaultAssets/Textures/Circle.png
  artifactKey: Guid(4adeaf2d2b1c7417e89f026626d8264f) Importer(815301076,1909f56bfc062723c751e8b465ee728b)
Start importing Packages/com.unity.2d.sprite/Editor/ObjectMenuCreation/DefaultAssets/Textures/Circle.png using Guid(4adeaf2d2b1c7417e89f026626d8264f) Importer(815301076,1909f56bfc062723c751e8b465ee728b)  -> (artifact id: '7906aed1d5af5fbccd7766a4e96af0cb') in 0.062895 seconds
  Import took 0.080090 seconds .

========================================================================
Received Import Request.
  Time since last request: 0.001193 seconds.
  path: Assets/Sprites/Enemy/Evil Bald Guy/Hurt/Hurt_000.png
  artifactKey: Guid(5892287f888bb35408734f39f946a0b0) Importer(815301076,1909f56bfc062723c751e8b465ee728b)
Start importing Assets/Sprites/Enemy/Evil Bald Guy/Hurt/Hurt_000.png using Guid(5892287f888bb35408734f39f946a0b0) Importer(815301076,1909f56bfc062723c751e8b465ee728b)  -> (artifact id: '920a9200033106d32c4e512d6c35d1c3') in 0.072537 seconds
  Import took 0.077850 seconds .

========================================================================
Received Import Request.
  Time since last request: 0.000497 seconds.
  path: Assets/Sprites/Enemy/Evil Bald Guy/Die/Dying_012.png
  artifactKey: Guid(3577b423224bb4648a50e8ed14893bf3) Importer(815301076,1909f56bfc062723c751e8b465ee728b)
Start importing Assets/Sprites/Enemy/Evil Bald Guy/Die/Dying_012.png using Guid(3577b423224bb4648a50e8ed14893bf3) Importer(815301076,1909f56bfc062723c751e8b465ee728b)  -> (artifact id: 'e906786aad597eddcfaaf3b7626f2381') in 0.067572 seconds
  Import took 0.071269 seconds .

========================================================================
Received Import Request.
  Time since last request: 0.000292 seconds.
  path: Assets/Sprites/Enemy/Evil Bald Guy/Idle/Idle_003.png
  artifactKey: Guid(349bcd453ac07f7469bbba5a9457ddc5) Importer(815301076,1909f56bfc062723c751e8b465ee728b)
Start importing Assets/Sprites/Enemy/Evil Bald Guy/Idle/Idle_003.png using Guid(349bcd453ac07f7469bbba5a9457ddc5) Importer(815301076,1909f56bfc062723c751e8b465ee728b)  -> (artifact id: 'f4d5b3add0bf53fa1a8008f1878bc6d6') in 0.028342 seconds
  Import took 0.032654 seconds .

========================================================================
Received Import Request.
  Time since last request: 0.000340 seconds.
  path: Assets/Sprites/Enemy/Evil Bald Guy/Idle/Idle_002.png
  artifactKey: Guid(c0a70fa6e8fffe946a92fe1c8e02ca2c) Importer(815301076,1909f56bfc062723c751e8b465ee728b)
Start importing Assets/Sprites/Enemy/Evil Bald Guy/Idle/Idle_002.png using Guid(c0a70fa6e8fffe946a92fe1c8e02ca2c) Importer(815301076,1909f56bfc062723c751e8b465ee728b)  -> (artifact id: '5b08bd32def962535e3a3baf38017a5e') in 0.025597 seconds
  Import took 0.029058 seconds .

========================================================================
Received Import Request.
  Time since last request: 0.000249 seconds.
  path: Assets/Sprites/Enemy/Evil Bald Guy/Hurt/Hurt_001.png
  artifactKey: Guid(e0e90056757c66a4d8220bd26e1eb00d) Importer(815301076,1909f56bfc062723c751e8b465ee728b)
Start importing Assets/Sprites/Enemy/Evil Bald Guy/Hurt/Hurt_001.png using Guid(e0e90056757c66a4d8220bd26e1eb00d) Importer(815301076,1909f56bfc062723c751e8b465ee728b)  -> (artifact id: 'e4bb4d964cfa74419679ffbe82237090') in 0.083109 seconds
  Import took 0.087017 seconds .

========================================================================
Received Import Request.
  Time since last request: 0.000376 seconds.
  path: Assets/Sprites/Enemy/Evil Bald Guy/Idle/Idle_008.png
  artifactKey: Guid(d42850bcfa2eb394ba839a802f712e94) Importer(815301076,1909f56bfc062723c751e8b465ee728b)
Start importing Assets/Sprites/Enemy/Evil Bald Guy/Idle/Idle_008.png using Guid(d42850bcfa2eb394ba839a802f712e94) Importer(815301076,1909f56bfc062723c751e8b465ee728b)  -> (artifact id: 'c7c830976f2ea11c1e66919629a26a9c') in 0.024925 seconds
  Import took 0.027794 seconds .

========================================================================
Received Import Request.
  Time since last request: 0.000237 seconds.
  path: Assets/Sprites/Enemy/Evil Bald Guy/Hurt/Hurt_002.png
  artifactKey: Guid(a93fe2633cd4b1b48883fbdec23a61e9) Importer(815301076,1909f56bfc062723c751e8b465ee728b)
Start importing Assets/Sprites/Enemy/Evil Bald Guy/Hurt/Hurt_002.png using Guid(a93fe2633cd4b1b48883fbdec23a61e9) Importer(815301076,1909f56bfc062723c751e8b465ee728b)  -> (artifact id: '902044a2e188f3f32bb72e3bb2f0bd67') in 0.133148 seconds
  Import took 0.137074 seconds .

========================================================================
Received Import Request.
  Time since last request: 0.000248 seconds.
  path: Packages/com.unity.2d.sprite/Editor/ObjectMenuCreation/DefaultAssets/Textures/Capsule.png
  artifactKey: Guid(34587324d412940a79d530020c957dc0) Importer(815301076,1909f56bfc062723c751e8b465ee728b)
Start importing Packages/com.unity.2d.sprite/Editor/ObjectMenuCreation/DefaultAssets/Textures/Capsule.png using Guid(34587324d412940a79d530020c957dc0) Importer(815301076,1909f56bfc062723c751e8b465ee728b)  -> (artifact id: '5547963fa230adecf9bf5c249192177a') in 0.073340 seconds
  Import took 0.075904 seconds .

========================================================================
Received Import Request.
  Time since last request: 0.001322 seconds.
  path: Assets/Sprites/Enemy/Evil Bald Guy/Hurt/Hurt_004.png
  artifactKey: Guid(1c23e8715ed620a4a9bc28f7838c8f04) Importer(815301076,1909f56bfc062723c751e8b465ee728b)
Start importing Assets/Sprites/Enemy/Evil Bald Guy/Hurt/Hurt_004.png using Guid(1c23e8715ed620a4a9bc28f7838c8f04) Importer(815301076,1909f56bfc062723c751e8b465ee728b)  -> (artifact id: '747cdca05e7818b7ff71862d72af5939') in 0.145308 seconds
  Import took 0.184109 seconds .

========================================================================
Received Import Request.
  Time since last request: 0.000251 seconds.
  path: Assets/Sprites/Enemy/Evil Bald Guy/Idle/Idle_006.png
  artifactKey: Guid(272a0921f70f8b14d867f2d0cd25be7b) Importer(815301076,1909f56bfc062723c751e8b465ee728b)
Start importing Assets/Sprites/Enemy/Evil Bald Guy/Idle/Idle_006.png using Guid(272a0921f70f8b14d867f2d0cd25be7b) Importer(815301076,1909f56bfc062723c751e8b465ee728b)  -> (artifact id: 'f2445686ad79a8455d895c8203c2182f') in 0.034174 seconds
  Import took 0.038251 seconds .

========================================================================
Received Import Request.
  Time since last request: 0.000267 seconds.
  path: Assets/Sprites/Enemy/Evil Bald Guy/Die/Dying_013.png
  artifactKey: Guid(d550d484cfce2c04796457147651a1dc) Importer(815301076,1909f56bfc062723c751e8b465ee728b)
Start importing Assets/Sprites/Enemy/Evil Bald Guy/Die/Dying_013.png using Guid(d550d484cfce2c04796457147651a1dc) Importer(815301076,1909f56bfc062723c751e8b465ee728b)  -> (artifact id: 'fa6a49822c1d8e00b33f0895097230bf') in 0.096127 seconds
  Import took 0.099932 seconds .

========================================================================
Received Import Request.
  Time since last request: 0.000210 seconds.
  path: Assets/Sprites/Enemy/Evil Bald Guy/Die/Dying_014.png
  artifactKey: Guid(ac0cc9f4436c56a46a11831b7602bbb0) Importer(815301076,1909f56bfc062723c751e8b465ee728b)
Start importing Assets/Sprites/Enemy/Evil Bald Guy/Die/Dying_014.png using Guid(ac0cc9f4436c56a46a11831b7602bbb0) Importer(815301076,1909f56bfc062723c751e8b465ee728b)  -> (artifact id: '94157aeefd6c5e196dea55fe94e82fcf') in 0.086417 seconds
  Import took 0.090742 seconds .

========================================================================
Received Prepare
Registering precompiled user dll's ...
Registered in 0.001183 seconds.
Begin MonoManager ReloadAssembly
Native extension for WindowsStandalone target not found
Refreshing native plugins compatible for Editor in 0.71 ms, found 0 plugins.
Preloading 0 native plugins for Editor in 0.00 ms.
Invoked RoslynAnalysisRunner static constructor.
RoslynAnalysisRunner will not be running.
RoslynAnalysisRunner has terminated.
Mono: successfully reloaded assembly
- Completed reload, in  1.186 seconds
Platform modules already initialized, skipping
Refreshing native plugins compatible for Editor in 0.26 ms, found 0 plugins.
Preloading 0 native plugins for Editor in 0.00 ms.
Unloading 1177 Unused Serialized files (Serialized files now loaded: 0)
System memory in use before: 64.1 MB.
System memory in use after: 64.2 MB.

Unloading 5 unused Assets to reduce memory usage. Loaded Objects now: 1689.
Total: 3.097300 ms (FindLiveObjects: 0.367200 ms CreateObjectMapping: 0.092600 ms MarkObjects: 2.615600 ms  DeleteObjects: 0.019500 ms)

========================================================================
Received Import Request.
  Time since last request: 97.313664 seconds.
  path: Assets/Prefabs/Enemy.prefab
  artifactKey: Guid(27d8400c6a2049c499bc8ae35b694459) Importer(815301076,1909f56bfc062723c751e8b465ee728b)
Start importing Assets/Prefabs/Enemy.prefab using Guid(27d8400c6a2049c499bc8ae35b694459) Importer(815301076,1909f56bfc062723c751e8b465ee728b)  -> (artifact id: '1768152779d15466fb4a6d67e16f03b6') in 0.148204 seconds
  Import took 0.160421 seconds .

========================================================================
Received Import Request.
  Time since last request: 0.000302 seconds.
  path: Assets/Prefabs/Player.prefab
  artifactKey: Guid(ff1ad98b077fab34ebe49f7f51003404) Importer(815301076,1909f56bfc062723c751e8b465ee728b)
Start importing Assets/Prefabs/Player.prefab using Guid(ff1ad98b077fab34ebe49f7f51003404) Importer(815301076,1909f56bfc062723c751e8b465ee728b)  -> (artifact id: '5592a3c2e0a035f8664290f8731903dc') in 0.047549 seconds
  Import took 0.050666 seconds .

========================================================================
Received Import Request.
  Time since last request: 0.000494 seconds.
  path: Assets/Prefabs/Game Camera.prefab
  artifactKey: Guid(e5ad186860176c545acf4c6dd3f770f4) Importer(815301076,1909f56bfc062723c751e8b465ee728b)
Start importing Assets/Prefabs/Game Camera.prefab using Guid(e5ad186860176c545acf4c6dd3f770f4) Importer(815301076,1909f56bfc062723c751e8b465ee728b)  -> (artifact id: 'e13b55cd587b0678f35881c11fab310e') in 0.013549 seconds
  Import took 0.016340 seconds .

========================================================================
Received Import Request.
  Time since last request: 2.961165 seconds.
  path: Assets/Prefabs/Gate.prefab
  artifactKey: Guid(dc293da301e6f7849b6c89427305b6c8) Importer(815301076,1909f56bfc062723c751e8b465ee728b)
Start importing Assets/Prefabs/Gate.prefab using Guid(dc293da301e6f7849b6c89427305b6c8) Importer(815301076,1909f56bfc062723c751e8b465ee728b)  -> (artifact id: '5535cb988c5ae5b0897aa59b0e2136f2') in 0.013027 seconds
  Import took 0.016886 seconds .

========================================================================
Received Import Request.
  Time since last request: 0.019463 seconds.
  path: Assets/Prefabs/Gate.prefab
  artifactKey: Guid(dc293da301e6f7849b6c89427305b6c8) Importer(815301076,1909f56bfc062723c751e8b465ee728b)
Start importing Assets/Prefabs/Gate.prefab using Guid(dc293da301e6f7849b6c89427305b6c8) Importer(815301076,1909f56bfc062723c751e8b465ee728b)  -> (artifact id: '5535cb988c5ae5b0897aa59b0e2136f2') in 0.008054 seconds
  Import took 0.011978 seconds .

========================================================================
Received Prepare
Registering precompiled user dll's ...
Registered in 0.000836 seconds.
Begin MonoManager ReloadAssembly
Native extension for WindowsStandalone target not found
Refreshing native plugins compatible for Editor in 0.26 ms, found 0 plugins.
Preloading 0 native plugins for Editor in 0.00 ms.
Invoked RoslynAnalysisRunner static constructor.
RoslynAnalysisRunner will not be running.
RoslynAnalysisRunner has terminated.
Mono: successfully reloaded assembly
- Completed reload, in  1.143 seconds
Platform modules already initialized, skipping
Refreshing native plugins compatible for Editor in 0.21 ms, found 0 plugins.
Preloading 0 native plugins for Editor in 0.00 ms.
Unloading 1177 Unused Serialized files (Serialized files now loaded: 0)
System memory in use before: 64.2 MB.
System memory in use after: 64.3 MB.

Unloading 4 unused Assets to reduce memory usage. Loaded Objects now: 1695.
Total: 2.107800 ms (FindLiveObjects: 0.141200 ms CreateObjectMapping: 0.038600 ms MarkObjects: 1.910600 ms  DeleteObjects: 0.015700 ms)

========================================================================
Received Prepare
Registering precompiled user dll's ...
Registered in 0.000785 seconds.
Begin MonoManager ReloadAssembly
Native extension for WindowsStandalone target not found
Refreshing native plugins compatible for Editor in 0.22 ms, found 0 plugins.
Preloading 0 native plugins for Editor in 0.00 ms.
Invoked RoslynAnalysisRunner static constructor.
RoslynAnalysisRunner will not be running.
RoslynAnalysisRunner has terminated.
Mono: successfully reloaded assembly
- Completed reload, in  1.102 seconds
Platform modules already initialized, skipping
Refreshing native plugins compatible for Editor in 0.31 ms, found 0 plugins.
Preloading 0 native plugins for Editor in 0.00 ms.
Unloading 1177 Unused Serialized files (Serialized files now loaded: 0)
System memory in use before: 63.3 MB.
System memory in use after: 63.4 MB.

Unloading 4 unused Assets to reduce memory usage. Loaded Objects now: 1697.
Total: 2.553800 ms (FindLiveObjects: 0.317100 ms CreateObjectMapping: 0.088600 ms MarkObjects: 2.127800 ms  DeleteObjects: 0.018000 ms)

========================================================================
Received Prepare
Registering precompiled user dll's ...
Registered in 0.000844 seconds.
Begin MonoManager ReloadAssembly
Native extension for WindowsStandalone target not found
Refreshing native plugins compatible for Editor in 0.39 ms, found 0 plugins.
Preloading 0 native plugins for Editor in 0.00 ms.
Invoked RoslynAnalysisRunner static constructor.
RoslynAnalysisRunner will not be running.
RoslynAnalysisRunner has terminated.
Mono: successfully reloaded assembly
- Completed reload, in  1.202 seconds
Platform modules already initialized, skipping
Refreshing native plugins compatible for Editor in 0.24 ms, found 0 plugins.
Preloading 0 native plugins for Editor in 0.00 ms.
Unloading 1177 Unused Serialized files (Serialized files now loaded: 0)
System memory in use before: 63.4 MB.
System memory in use after: 63.5 MB.

Unloading 4 unused Assets to reduce memory usage. Loaded Objects now: 1699.
Total: 1.793200 ms (FindLiveObjects: 0.251900 ms CreateObjectMapping: 0.063700 ms MarkObjects: 1.461200 ms  DeleteObjects: 0.014900 ms)

========================================================================
Received Prepare
Registering precompiled user dll's ...
Registered in 0.000769 seconds.
Begin MonoManager ReloadAssembly
Native extension for WindowsStandalone target not found
Refreshing native plugins compatible for Editor in 0.24 ms, found 0 plugins.
Preloading 0 native plugins for Editor in 0.00 ms.
Invoked RoslynAnalysisRunner static constructor.
RoslynAnalysisRunner will not be running.
RoslynAnalysisRunner has terminated.
Mono: successfully reloaded assembly
- Completed reload, in  1.124 seconds
Platform modules already initialized, skipping
Refreshing native plugins compatible for Editor in 0.26 ms, found 0 plugins.
Preloading 0 native plugins for Editor in 0.00 ms.
Unloading 1177 Unused Serialized files (Serialized files now loaded: 0)
System memory in use before: 63.5 MB.
System memory in use after: 63.6 MB.

Unloading 4 unused Assets to reduce memory usage. Loaded Objects now: 1701.
Total: 3.048700 ms (FindLiveObjects: 0.488000 ms CreateObjectMapping: 0.135200 ms MarkObjects: 2.402700 ms  DeleteObjects: 0.021400 ms)

========================================================================
Received Prepare
Registering precompiled user dll's ...
Registered in 0.001022 seconds.
Begin MonoManager ReloadAssembly
Native extension for WindowsStandalone target not found
Refreshing native plugins compatible for Editor in 0.24 ms, found 0 plugins.
Preloading 0 native plugins for Editor in 0.00 ms.
Invoked RoslynAnalysisRunner static constructor.
RoslynAnalysisRunner will not be running.
RoslynAnalysisRunner has terminated.
Mono: successfully reloaded assembly
- Completed reload, in  1.379 seconds
Platform modules already initialized, skipping
Refreshing native plugins compatible for Editor in 0.43 ms, found 0 plugins.
Preloading 0 native plugins for Editor in 0.00 ms.
Unloading 1177 Unused Serialized files (Serialized files now loaded: 0)
System memory in use before: 63.6 MB.
System memory in use after: 63.7 MB.

Unloading 4 unused Assets to reduce memory usage. Loaded Objects now: 1703.
Total: 3.214200 ms (FindLiveObjects: 0.251400 ms CreateObjectMapping: 0.073100 ms MarkObjects: 2.862300 ms  DeleteObjects: 0.025500 ms)

========================================================================
Received Prepare
Registering precompiled user dll's ...
Registered in 0.000903 seconds.
Begin MonoManager ReloadAssembly
Native extension for WindowsStandalone target not found
Refreshing native plugins compatible for Editor in 0.29 ms, found 0 plugins.
Preloading 0 native plugins for Editor in 0.00 ms.
Invoked RoslynAnalysisRunner static constructor.
RoslynAnalysisRunner will not be running.
RoslynAnalysisRunner has terminated.
Mono: successfully reloaded assembly
- Completed reload, in  1.154 seconds
Platform modules already initialized, skipping
Refreshing native plugins compatible for Editor in 0.37 ms, found 0 plugins.
Preloading 0 native plugins for Editor in 0.00 ms.
Unloading 1177 Unused Serialized files (Serialized files now loaded: 0)
System memory in use before: 63.7 MB.
System memory in use after: 63.8 MB.

Unloading 4 unused Assets to reduce memory usage. Loaded Objects now: 1705.
Total: 3.293600 ms (FindLiveObjects: 0.234200 ms CreateObjectMapping: 0.065500 ms MarkObjects: 2.971600 ms  DeleteObjects: 0.020400 ms)

